<?xml version="1.0" encoding="UTF-8"?>
<testsuite xmlns:xsi="http://www.w3.org/2001/XMLSchema-instance" xsi:noNamespaceSchemaLocation="https://maven.apache.org/surefire/maven-surefire-plugin/xsd/surefire-test-report-3.0.xsd" version="3.0" name="com.eventledger.gateway.web.ResiliencyTest" time="3.739" tests="3" errors="0" skipped="0" failures="0">
  <properties>
[...]
</properties>
  <testcase name="returns503WhenAccountServiceIsUnavailable" classname="com.eventledger.gateway.web.ResiliencyTest" time="0.501">
    <system-out><![CDATA[19:58:00.609 [main] INFO org.springframework.test.context.support.AnnotationConfigContextLoaderUtils -- Could not detect default configuration classes for test class [com.eventledger.gateway.web.ResiliencyTest]: ResiliencyTest does not declare any static, non-private, non-final, nested classes annotated with @Configuration.
19:58:00.656 [main] INFO org.springframework.boot.test.context.SpringBootTestContextBootstrapper -- Found @SpringBootConfiguration com.eventledger.gateway.EventGatewayApplication for test class com.eventledger.gateway.web.ResiliencyTest

  .   ____          _            __ _ _
 /\\ / ___'_ __ _ _(_)_ __  __ _ \ \ \ \
( ( )\___ | '_ | '_| | '_ \/ _` | \ \ \ \
 \\/  ___)| |_)| | | | | || (_| |  ) ) ) )
  '  |____| .__|_| |_|_| |_\__, | / / / /
 =========|_|==============|___/=/_/_/_/
 :: Spring Boot ::                (v3.2.5)

{"@timestamp":"2026-06-20T19:58:01.337196+05:30","@version":"1","message":"Starting ResiliencyTest using Java 21.0.11 with PID 18258 (started by kumar in /Users/kumar/Assesment-Event Ledger/event-gateway)","logger_name":"com.eventledger.gateway.web.ResiliencyTest","thread_name":"main","level":"INFO","level_value":20000,"service":"event-gateway"}
{"@timestamp":"2026-06-20T19:58:01.343658+05:30","@version":"1","message":"The following 1 profile is active: \"test\"","logger_name":"com.eventledger.gateway.web.ResiliencyTest","thread_name":"main","level":"INFO","level_value":20000,"service":"event-gateway"}
{"@timestamp":"2026-06-20T19:58:01.674868+05:30","@version":"1","message":"Bootstrapping Spring Data JPA repositories in DEFAULT mode.","logger_name":"org.springframework.data.repository.config.RepositoryConfigurationDelegate","thread_name":"main","level":"INFO","level_value":20000,"service":"event-gateway"}
{"@timestamp":"2026-06-20T19:58:01.695642+05:30","@version":"1","message":"Finished Spring Data repository scanning in 17 ms. Found 1 JPA repository interface.","logger_name":"org.springframework.data.repository.config.RepositoryConfigurationDelegate","thread_name":"main","level":"INFO","level_value":20000,"service":"event-gateway"}
{"@timestamp":"2026-06-20T19:58:02.051242+05:30","@version":"1","message":"HHH000204: Processing PersistenceUnitInfo [name: default]","logger_name":"org.hibernate.jpa.internal.util.LogHelper","thread_name":"main","level":"INFO","level_value":20000,"service":"event-gateway"}
{"@timestamp":"2026-06-20T19:58:02.072814+05:30","@version":"1","message":"HHH000412: Hibernate ORM core version 6.4.4.Final","logger_name":"org.hibernate.Version","thread_name":"main","level":"INFO","level_value":20000,"service":"event-gateway"}
{"@timestamp":"2026-06-20T19:58:02.084515+05:30","@version":"1","message":"HHH000026: Second-level cache disabled","logger_name":"org.hibernate.cache.internal.RegionFactoryInitiator","thread_name":"main","level":"INFO","level_value":20000,"service":"event-gateway"}
{"@timestamp":"2026-06-20T19:58:02.165542+05:30","@version":"1","message":"No LoadTimeWeaver setup: ignoring JPA class transformer","logger_name":"org.springframework.orm.jpa.persistenceunit.SpringPersistenceUnitInfo","thread_name":"main","level":"INFO","level_value":20000,"service":"event-gateway"}
{"@timestamp":"2026-06-20T19:58:02.175529+05:30","@version":"1","message":"HikariPool-1 - Starting...","logger_name":"com.zaxxer.hikari.HikariDataSource","thread_name":"main","level":"INFO","level_value":20000,"service":"event-gateway"}
{"@timestamp":"2026-06-20T19:58:02.256532+05:30","@version":"1","message":"HikariPool-1 - Added connection conn0: url=jdbc:h2:mem:gateway_test user=SA","logger_name":"com.zaxxer.hikari.pool.HikariPool","thread_name":"main","level":"INFO","level_value":20000,"service":"event-gateway"}
{"@timestamp":"2026-06-20T19:58:02.257313+05:30","@version":"1","message":"HikariPool-1 - Start completed.","logger_name":"com.zaxxer.hikari.HikariDataSource","thread_name":"main","level":"INFO","level_value":20000,"service":"event-gateway"}
{"@timestamp":"2026-06-20T19:58:02.267384+05:30","@version":"1","message":"HHH90000025: H2Dialect does not need to be specified explicitly using 'hibernate.dialect' (remove the property setting and it will be selected by default)","logger_name":"org.hibernate.orm.deprecation","thread_name":"main","level":"WARN","level_value":30000,"service":"event-gateway"}
{"@timestamp":"2026-06-20T19:58:02.590093+05:30","@version":"1","message":"HHH000489: No JTA platform available (set 'hibernate.transaction.jta.platform' to enable JTA platform integration)","logger_name":"org.hibernate.engine.transaction.jta.platform.internal.JtaPlatformInitiator","thread_name":"main","level":"INFO","level_value":20000,"service":"event-gateway"}
{"@timestamp":"2026-06-20T19:58:02.603694+05:30","@version":"1","message":"Initialized JPA EntityManagerFactory for persistence unit 'default'","logger_name":"org.springframework.orm.jpa.LocalContainerEntityManagerFactoryBean","thread_name":"main","level":"INFO","level_value":20000,"service":"event-gateway"}
{"@timestamp":"2026-06-20T19:58:03.662393+05:30","@version":"1","message":"Initializing Spring TestDispatcherServlet ''","logger_name":"org.springframework.boot.test.mock.web.SpringBootMockServletContext","thread_name":"main","level":"INFO","level_value":20000,"service":"event-gateway"}
{"@timestamp":"2026-06-20T19:58:03.662636+05:30","@version":"1","message":"Initializing Servlet ''","logger_name":"org.springframework.test.web.servlet.TestDispatcherServlet","thread_name":"main","level":"INFO","level_value":20000,"service":"event-gateway"}
{"@timestamp":"2026-06-20T19:58:03.670045+05:30","@version":"1","message":"Exposing 2 endpoint(s) beneath base path '/actuator'","logger_name":"org.springframework.boot.actuate.endpoint.web.EndpointLinksResolver","thread_name":"main","level":"INFO","level_value":20000,"service":"event-gateway"}
{"@timestamp":"2026-06-20T19:58:03.685465+05:30","@version":"1","message":"Completed initialization in 22 ms","logger_name":"org.springframework.test.web.servlet.TestDispatcherServlet","thread_name":"main","level":"INFO","level_value":20000,"service":"event-gateway"}
{"@timestamp":"2026-06-20T19:58:03.722632+05:30","@version":"1","message":"Started ResiliencyTest in 2.594 seconds (process running for 3.394)","logger_name":"com.eventledger.gateway.web.ResiliencyTest","thread_name":"main","level":"INFO","level_value":20000,"service":"event-gateway"}
{"@timestamp":"2026-06-20T19:58:04.147641+05:30","@version":"1","message":"Calling Account Service applyTransaction accountId=acct-down eventId=evt-down traceId=8114e5c5747444179a7e4fb952fcef6e","logger_name":"com.eventledger.gateway.client.AccountServiceClient","thread_name":"main","level":"INFO","level_value":20000,"traceId":"8114e5c5747444179a7e4fb952fcef6e","service":"event-gateway","service":"event-gateway"}
{"@timestamp":"2026-06-20T19:58:04.236433+05:30","@version":"1","message":"Account Service circuit open or failed for eventId=evt-down: Account Service unavailable: 503 Service Unavailable: [no body]","logger_name":"com.eventledger.gateway.client.AccountServiceClient","thread_name":"main","level":"WARN","level_value":30000,"traceId":"8114e5c5747444179a7e4fb952fcef6e","service":"event-gateway","service":"event-gateway"}
{"@timestamp":"2026-06-20T19:58:04.237112+05:30","@version":"1","message":"Failed to apply transaction for eventId=evt-down: Account Service unavailable","logger_name":"com.eventledger.gateway.service.EventService","thread_name":"main","level":"ERROR","level_value":40000,"traceId":"8114e5c5747444179a7e4fb952fcef6e","service":"event-gateway","service":"event-gateway"}
]]></system-out>
    <system-err><![CDATA[WARNING: A Java agent has been loaded dynamically (/Users/kumar/.m2/repository/net/bytebuddy/byte-buddy-agent/1.14.13/byte-buddy-agent-1.14.13.jar)
WARNING: If a serviceability tool is in use, please run with -XX:+EnableDynamicAgentLoading to hide this warning
WARNING: If a serviceability tool is not in use, please run with -Djdk.instrument.traceUsage for more information
WARNING: Dynamic loading of agents will be disallowed by default in a future release
]]></system-err>
  </testcase>
  <testcase name="circuitBreakerOpensAfterRepeatedFailures" classname="com.eventledger.gateway.web.ResiliencyTest" time="0.014">
    <system-out><![CDATA[{"@timestamp":"2026-06-20T19:58:04.263618+05:30","@version":"1","message":"Calling Account Service applyTransaction accountId=acct-cb eventId=evt-cb-1 traceId=f28e1222315943d289ab6126b4803fc4","logger_name":"com.eventledger.gateway.client.AccountServiceClient","thread_name":"main","level":"INFO","level_value":20000,"traceId":"f28e1222315943d289ab6126b4803fc4","service":"event-gateway","service":"event-gateway"}
{"@timestamp":"2026-06-20T19:58:04.268335+05:30","@version":"1","message":"Account Service circuit open or failed for eventId=evt-cb-1: Account Service unavailable: 500 Server Error: [no body]","logger_name":"com.eventledger.gateway.client.AccountServiceClient","thread_name":"main","level":"WARN","level_value":30000,"traceId":"f28e1222315943d289ab6126b4803fc4","service":"event-gateway","service":"event-gateway"}
{"@timestamp":"2026-06-20T19:58:04.268492+05:30","@version":"1","message":"Failed to apply transaction for eventId=evt-cb-1: Account Service unavailable","logger_name":"com.eventledger.gateway.service.EventService","thread_name":"main","level":"ERROR","level_value":40000,"traceId":"f28e1222315943d289ab6126b4803fc4","service":"event-gateway","service":"event-gateway"}
{"@timestamp":"2026-06-20T19:58:04.270986+05:30","@version":"1","message":"Account Service circuit open or failed for eventId=evt-cb-2: CircuitBreaker 'accountService' is OPEN and does not permit further calls","logger_name":"com.eventledger.gateway.client.AccountServiceClient","thread_name":"main","level":"WARN","level_value":30000,"traceId":"99f40c84c3e346b6a410a3eaa12603b8","service":"event-gateway","service":"event-gateway"}
{"@timestamp":"2026-06-20T19:58:04.271206+05:30","@version":"1","message":"Failed to apply transaction for eventId=evt-cb-2: Account Service unavailable","logger_name":"com.eventledger.gateway.service.EventService","thread_name":"main","level":"ERROR","level_value":40000,"traceId":"99f40c84c3e346b6a410a3eaa12603b8","service":"event-gateway","service":"event-gateway"}
{"@timestamp":"2026-06-20T19:58:04.273044+05:30","@version":"1","message":"Account Service circuit open or failed for eventId=evt-cb-3: CircuitBreaker 'accountService' is OPEN and does not permit further calls","logger_name":"com.eventledger.gateway.client.AccountServiceClient","thread_name":"main","level":"WARN","level_value":30000,"traceId":"5791619a23ec4d90b7caf0c518d6d64b","service":"event-gateway","service":"event-gateway"}
{"@timestamp":"2026-06-20T19:58:04.273185+05:30","@version":"1","message":"Failed to apply transaction for eventId=evt-cb-3: Account Service unavailable","logger_name":"com.eventledger.gateway.service.EventService","thread_name":"main","level":"ERROR","level_value":40000,"traceId":"5791619a23ec4d90b7caf0c518d6d64b","service":"event-gateway","service":"event-gateway"}
]]></system-out>
  </testcase>
  <testcase name="balanceQueryReturns503WhenAccountServiceIsUnavailable" classname="com.eventledger.gateway.web.ResiliencyTest" time="0.005">
    <system-out><![CDATA[{"@timestamp":"2026-06-20T19:58:04.278578+05:30","@version":"1","message":"Account Service circuit open or failed for balance accountId=acct-bal: CircuitBreaker 'accountService' is OPEN and does not permit further calls","logger_name":"com.eventledger.gateway.client.AccountServiceClient","thread_name":"main","level":"WARN","level_value":30000,"traceId":"d7668b663ae44616bda063779fc1cb5d","service":"event-gateway","service":"event-gateway"}
]]></system-out>
  </testcase>
</testsuite>