<?xml version="1.0" encoding="UTF-8"?>
<testsuite xmlns:xsi="http://www.w3.org/2001/XMLSchema-instance" xsi:noNamespaceSchemaLocation="https://maven.apache.org/surefire/maven-surefire-plugin/xsd/surefire-test-report-3.0.xsd" version="3.0" name="com.eventledger.gateway.integration.EndToEndIntegrationTest" time="1.941" tests="1" errors="0" skipped="0" failures="0">
  <properties>
[...]
</properties>
  <testcase name="fullGatewayToAccountServiceFlow" classname="com.eventledger.gateway.integration.EndToEndIntegrationTest" time="0.093">
    <system-out><![CDATA[
  .   ____          _            __ _ _
 /\\ / ___'_ __ _ _(_)_ __  __ _ \ \ \ \
( ( )\___ | '_ | '_| | '_ \/ _` | \ \ \ \
 \\/  ___)| |_)| | | | | || (_| |  ) ) ) )
  '  |____| .__|_| |_|_| |_\__, | / / / /
 =========|_|==============|___/=/_/_/_/
 :: Spring Boot ::                (v3.2.5)

{"@timestamp":"2026-06-20T19:58:05.160524+05:30","@version":"1","message":"Starting ForkedBooter v3.1.2 using Java 21.0.11 with PID 18258 (started by kumar in /Users/kumar/Assesment-Event Ledger/event-gateway)","logger_name":"org.apache.maven.surefire.booter.ForkedBooter","thread_name":"main","level":"INFO","level_value":20000,"service":"event-gateway"}
{"@timestamp":"2026-06-20T19:58:05.16069+05:30","@version":"1","message":"No active profile set, falling back to 1 default profile: \"default\"","logger_name":"org.apache.maven.surefire.booter.ForkedBooter","thread_name":"main","level":"INFO","level_value":20000,"service":"event-gateway"}
{"@timestamp":"2026-06-20T19:58:05.242542+05:30","@version":"1","message":"Bootstrapping Spring Data JPA repositories in DEFAULT mode.","logger_name":"org.springframework.data.repository.config.RepositoryConfigurationDelegate","thread_name":"main","level":"INFO","level_value":20000,"service":"event-gateway"}
{"@timestamp":"2026-06-20T19:58:05.24639+05:30","@version":"1","message":"Finished Spring Data repository scanning in 3 ms. Found 2 JPA repository interfaces.","logger_name":"org.springframework.data.repository.config.RepositoryConfigurationDelegate","thread_name":"main","level":"INFO","level_value":20000,"service":"event-gateway"}
{"@timestamp":"2026-06-20T19:58:05.34705+05:30","@version":"1","message":"Tomcat initialized with port 54851 (http)","logger_name":"org.springframework.boot.web.embedded.tomcat.TomcatWebServer","thread_name":"main","level":"INFO","level_value":20000,"service":"event-gateway"}
{"@timestamp":"2026-06-20T19:58:05.35195+05:30","@version":"1","message":"Starting service [Tomcat]","logger_name":"org.apache.catalina.core.StandardService","thread_name":"main","level":"INFO","level_value":20000,"service":"event-gateway"}
{"@timestamp":"2026-06-20T19:58:05.35209+05:30","@version":"1","message":"Starting Servlet engine: [Apache Tomcat/10.1.20]","logger_name":"org.apache.catalina.core.StandardEngine","thread_name":"main","level":"INFO","level_value":20000,"service":"event-gateway"}
{"@timestamp":"2026-06-20T19:58:05.372595+05:30","@version":"1","message":"Initializing Spring embedded WebApplicationContext","logger_name":"org.apache.catalina.core.ContainerBase.[Tomcat].[localhost].[/]","thread_name":"main","level":"INFO","level_value":20000,"service":"event-gateway"}
{"@timestamp":"2026-06-20T19:58:05.372749+05:30","@version":"1","message":"Root WebApplicationContext: initialization completed in 211 ms","logger_name":"org.springframework.boot.web.servlet.context.ServletWebServerApplicationContext","thread_name":"main","level":"INFO","level_value":20000,"service":"event-gateway"}
{"@timestamp":"2026-06-20T19:58:05.468223+05:30","@version":"1","message":"HHH000204: Processing PersistenceUnitInfo [name: default]","logger_name":"org.hibernate.jpa.internal.util.LogHelper","thread_name":"main","level":"INFO","level_value":20000,"service":"event-gateway"}
{"@timestamp":"2026-06-20T19:58:05.469107+05:30","@version":"1","message":"HHH000026: Second-level cache disabled","logger_name":"org.hibernate.cache.internal.RegionFactoryInitiator","thread_name":"main","level":"INFO","level_value":20000,"service":"event-gateway"}
{"@timestamp":"2026-06-20T19:58:05.471158+05:30","@version":"1","message":"No LoadTimeWeaver setup: ignoring JPA class transformer","logger_name":"org.springframework.orm.jpa.persistenceunit.SpringPersistenceUnitInfo","thread_name":"main","level":"INFO","level_value":20000,"service":"event-gateway"}
{"@timestamp":"2026-06-20T19:58:05.471542+05:30","@version":"1","message":"HikariPool-3 - Starting...","logger_name":"com.zaxxer.hikari.HikariDataSource","thread_name":"main","level":"INFO","level_value":20000,"service":"event-gateway"}
{"@timestamp":"2026-06-20T19:58:05.472744+05:30","@version":"1","message":"HikariPool-3 - Added connection conn20: url=jdbc:h2:mem:account_e2e user=SA","logger_name":"com.zaxxer.hikari.pool.HikariPool","thread_name":"main","level":"INFO","level_value":20000,"service":"event-gateway"}
{"@timestamp":"2026-06-20T19:58:05.472841+05:30","@version":"1","message":"HikariPool-3 - Start completed.","logger_name":"com.zaxxer.hikari.HikariDataSource","thread_name":"main","level":"INFO","level_value":20000,"service":"event-gateway"}
{"@timestamp":"2026-06-20T19:58:05.473053+05:30","@version":"1","message":"HHH90000025: H2Dialect does not need to be specified explicitly using 'hibernate.dialect' (remove the property setting and it will be selected by default)","logger_name":"org.hibernate.orm.deprecation","thread_name":"main","level":"WARN","level_value":30000,"service":"event-gateway"}
{"@timestamp":"2026-06-20T19:58:05.497814+05:30","@version":"1","message":"HHH000489: No JTA platform available (set 'hibernate.transaction.jta.platform' to enable JTA platform integration)","logger_name":"org.hibernate.engine.transaction.jta.platform.internal.JtaPlatformInitiator","thread_name":"main","level":"INFO","level_value":20000,"service":"event-gateway"}
{"@timestamp":"2026-06-20T19:58:05.500906+05:30","@version":"1","message":"Initialized JPA EntityManagerFactory for persistence unit 'default'","logger_name":"org.springframework.orm.jpa.LocalContainerEntityManagerFactoryBean","thread_name":"main","level":"INFO","level_value":20000,"service":"event-gateway"}
{"@timestamp":"2026-06-20T19:58:05.55659+05:30","@version":"1","message":"Hibernate is in classpath; If applicable, HQL parser will be used.","logger_name":"org.springframework.data.jpa.repository.query.QueryEnhancerFactory","thread_name":"main","level":"INFO","level_value":20000,"service":"event-gateway"}
{"@timestamp":"2026-06-20T19:58:06.212244+05:30","@version":"1","message":"Exposing 2 endpoint(s) beneath base path '/actuator'","logger_name":"org.springframework.boot.actuate.endpoint.web.EndpointLinksResolver","thread_name":"main","level":"INFO","level_value":20000,"service":"event-gateway"}
{"@timestamp":"2026-06-20T19:58:06.228042+05:30","@version":"1","message":"Tomcat started on port 54851 (http) with context path ''","logger_name":"org.springframework.boot.web.embedded.tomcat.TomcatWebServer","thread_name":"main","level":"INFO","level_value":20000,"service":"event-gateway"}
{"@timestamp":"2026-06-20T19:58:06.233365+05:30","@version":"1","message":"Started ForkedBooter in 1.083 seconds (process running for 5.905)","logger_name":"org.apache.maven.surefire.booter.ForkedBooter","thread_name":"main","level":"INFO","level_value":20000,"service":"event-gateway"}
{"@timestamp":"2026-06-20T19:58:06.263717+05:30","@version":"1","message":"Initializing Spring DispatcherServlet 'dispatcherServlet'","logger_name":"org.apache.catalina.core.ContainerBase.[Tomcat].[localhost].[/]","thread_name":"http-nio-54851-exec-1","level":"INFO","level_value":20000,"service":"event-gateway"}
{"@timestamp":"2026-06-20T19:58:06.263905+05:30","@version":"1","message":"Initializing Servlet 'dispatcherServlet'","logger_name":"org.springframework.web.servlet.DispatcherServlet","thread_name":"http-nio-54851-exec-1","level":"INFO","level_value":20000,"service":"event-gateway"}
{"@timestamp":"2026-06-20T19:58:06.264459+05:30","@version":"1","message":"Completed initialization in 1 ms","logger_name":"org.springframework.web.servlet.DispatcherServlet","thread_name":"http-nio-54851-exec-1","level":"INFO","level_value":20000,"service":"event-gateway"}

  .   ____          _            __ _ _
 /\\ / ___'_ __ _ _(_)_ __  __ _ \ \ \ \
( ( )\___ | '_ | '_| | '_ \/ _` | \ \ \ \
 \\/  ___)| |_)| | | | | || (_| |  ) ) ) )
  '  |____| .__|_| |_|_| |_\__, | / / / /
 =========|_|==============|___/=/_/_/_/
 :: Spring Boot ::                (v3.2.5)

{"@timestamp":"2026-06-20T19:58:06.31041+05:30","@version":"1","message":"Starting EndToEndIntegrationTest using Java 21.0.11 with PID 18258 (started by kumar in /Users/kumar/Assesment-Event Ledger/event-gateway)","logger_name":"com.eventledger.gateway.integration.EndToEndIntegrationTest","thread_name":"main","level":"INFO","level_value":20000,"service":"event-gateway"}
{"@timestamp":"2026-06-20T19:58:06.310693+05:30","@version":"1","message":"The following 1 profile is active: \"test\"","logger_name":"com.eventledger.gateway.integration.EndToEndIntegrationTest","thread_name":"main","level":"INFO","level_value":20000,"service":"event-gateway"}
{"@timestamp":"2026-06-20T19:58:06.442924+05:30","@version":"1","message":"Bootstrapping Spring Data JPA repositories in DEFAULT mode.","logger_name":"org.springframework.data.repository.config.RepositoryConfigurationDelegate","thread_name":"main","level":"INFO","level_value":20000,"service":"event-gateway"}
{"@timestamp":"2026-06-20T19:58:06.445847+05:30","@version":"1","message":"Finished Spring Data repository scanning in 2 ms. Found 1 JPA repository interface.","logger_name":"org.springframework.data.repository.config.RepositoryConfigurationDelegate","thread_name":"main","level":"INFO","level_value":20000,"service":"event-gateway"}
{"@timestamp":"2026-06-20T19:58:06.504191+05:30","@version":"1","message":"Tomcat initialized with port 0 (http)","logger_name":"org.springframework.boot.web.embedded.tomcat.TomcatWebServer","thread_name":"main","level":"INFO","level_value":20000,"service":"event-gateway"}
{"@timestamp":"2026-06-20T19:58:06.504888+05:30","@version":"1","message":"Starting service [Tomcat]","logger_name":"org.apache.catalina.core.StandardService","thread_name":"main","level":"INFO","level_value":20000,"service":"event-gateway"}
{"@timestamp":"2026-06-20T19:58:06.504998+05:30","@version":"1","message":"Starting Servlet engine: [Apache Tomcat/10.1.20]","logger_name":"org.apache.catalina.core.StandardEngine","thread_name":"main","level":"INFO","level_value":20000,"service":"event-gateway"}
{"@timestamp":"2026-06-20T19:58:06.510994+05:30","@version":"1","message":"Initializing Spring embedded WebApplicationContext","logger_name":"org.apache.catalina.core.ContainerBase.[Tomcat-1].[localhost].[/]","thread_name":"main","level":"INFO","level_value":20000,"service":"event-gateway"}
{"@timestamp":"2026-06-20T19:58:06.51106+05:30","@version":"1","message":"Root WebApplicationContext: initialization completed in 198 ms","logger_name":"org.springframework.boot.web.servlet.context.ServletWebServerApplicationContext","thread_name":"main","level":"INFO","level_value":20000,"service":"event-gateway"}
{"@timestamp":"2026-06-20T19:58:06.579923+05:30","@version":"1","message":"HHH000204: Processing PersistenceUnitInfo [name: default]","logger_name":"org.hibernate.jpa.internal.util.LogHelper","thread_name":"main","level":"INFO","level_value":20000,"service":"event-gateway"}
{"@timestamp":"2026-06-20T19:58:06.580787+05:30","@version":"1","message":"HHH000026: Second-level cache disabled","logger_name":"org.hibernate.cache.internal.RegionFactoryInitiator","thread_name":"main","level":"INFO","level_value":20000,"service":"event-gateway"}
{"@timestamp":"2026-06-20T19:58:06.582365+05:30","@version":"1","message":"No LoadTimeWeaver setup: ignoring JPA class transformer","logger_name":"org.springframework.orm.jpa.persistenceunit.SpringPersistenceUnitInfo","thread_name":"main","level":"INFO","level_value":20000,"service":"event-gateway"}
{"@timestamp":"2026-06-20T19:58:06.582605+05:30","@version":"1","message":"HikariPool-4 - Starting...","logger_name":"com.zaxxer.hikari.HikariDataSource","thread_name":"main","level":"INFO","level_value":20000,"service":"event-gateway"}
{"@timestamp":"2026-06-20T19:58:06.583725+05:30","@version":"1","message":"HikariPool-4 - Added connection conn30: url=jdbc:h2:mem:gateway_e2e user=SA","logger_name":"com.zaxxer.hikari.pool.HikariPool","thread_name":"main","level":"INFO","level_value":20000,"service":"event-gateway"}
{"@timestamp":"2026-06-20T19:58:06.583837+05:30","@version":"1","message":"HikariPool-4 - Start completed.","logger_name":"com.zaxxer.hikari.HikariDataSource","thread_name":"main","level":"INFO","level_value":20000,"service":"event-gateway"}
{"@timestamp":"2026-06-20T19:58:06.584002+05:30","@version":"1","message":"HHH90000025: H2Dialect does not need to be specified explicitly using 'hibernate.dialect' (remove the property setting and it will be selected by default)","logger_name":"org.hibernate.orm.deprecation","thread_name":"main","level":"WARN","level_value":30000,"service":"event-gateway"}
{"@timestamp":"2026-06-20T19:58:06.598729+05:30","@version":"1","message":"HHH000489: No JTA platform available (set 'hibernate.transaction.jta.platform' to enable JTA platform integration)","logger_name":"org.hibernate.engine.transaction.jta.platform.internal.JtaPlatformInitiator","thread_name":"main","level":"INFO","level_value":20000,"service":"event-gateway"}
{"@timestamp":"2026-06-20T19:58:06.599901+05:30","@version":"1","message":"Initialized JPA EntityManagerFactory for persistence unit 'default'","logger_name":"org.springframework.orm.jpa.LocalContainerEntityManagerFactoryBean","thread_name":"main","level":"INFO","level_value":20000,"service":"event-gateway"}
{"@timestamp":"2026-06-20T19:58:06.963924+05:30","@version":"1","message":"Exposing 2 endpoint(s) beneath base path '/actuator'","logger_name":"org.springframework.boot.actuate.endpoint.web.EndpointLinksResolver","thread_name":"main","level":"INFO","level_value":20000,"service":"event-gateway"}
{"@timestamp":"2026-06-20T19:58:06.975497+05:30","@version":"1","message":"Tomcat started on port 54853 (http) with context path ''","logger_name":"org.springframework.boot.web.embedded.tomcat.TomcatWebServer","thread_name":"main","level":"INFO","level_value":20000,"service":"event-gateway"}
{"@timestamp":"2026-06-20T19:58:06.97909+05:30","@version":"1","message":"Started EndToEndIntegrationTest in 0.706 seconds (process running for 6.651)","logger_name":"com.eventledger.gateway.integration.EndToEndIntegrationTest","thread_name":"main","level":"INFO","level_value":20000,"service":"event-gateway"}
{"@timestamp":"2026-06-20T19:58:06.985284+05:30","@version":"1","message":"Initializing Spring DispatcherServlet 'dispatcherServlet'","logger_name":"org.apache.catalina.core.ContainerBase.[Tomcat-1].[localhost].[/]","thread_name":"http-nio-auto-1-exec-1","level":"INFO","level_value":20000,"service":"event-gateway"}
{"@timestamp":"2026-06-20T19:58:06.985381+05:30","@version":"1","message":"Initializing Servlet 'dispatcherServlet'","logger_name":"org.springframework.web.servlet.DispatcherServlet","thread_name":"http-nio-auto-1-exec-1","level":"INFO","level_value":20000,"service":"event-gateway"}
{"@timestamp":"2026-06-20T19:58:06.985646+05:30","@version":"1","message":"Completed initialization in 0 ms","logger_name":"org.springframework.web.servlet.DispatcherServlet","thread_name":"http-nio-auto-1-exec-1","level":"INFO","level_value":20000,"service":"event-gateway"}
{"@timestamp":"2026-06-20T19:58:06.996711+05:30","@version":"1","message":"Calling Account Service applyTransaction accountId=acct-e2e eventId=evt-e2e traceId=6bb59828886e45f99d31954c1e7b3419","logger_name":"com.eventledger.gateway.client.AccountServiceClient","thread_name":"http-nio-auto-1-exec-1","level":"INFO","level_value":20000,"traceId":"6bb59828886e45f99d31954c1e7b3419","service":"event-gateway","service":"event-gateway"}
{"@timestamp":"2026-06-20T19:58:07.021567+05:30","@version":"1","message":"Applied transaction eventId=evt-e2e accountId=acct-e2e type=CREDIT amount=150.00 newBalance=150.00","logger_name":"com.eventledger.account.service.AccountService","thread_name":"http-nio-54851-exec-2","level":"INFO","level_value":20000,"traceId":"6bb59828886e45f99d31954c1e7b3419","service":"account-service","service":"event-gateway"}
{"@timestamp":"2026-06-20T19:58:07.027968+05:30","@version":"1","message":"Event stored eventId=evt-e2e accountId=acct-e2e","logger_name":"com.eventledger.gateway.service.EventService","thread_name":"http-nio-auto-1-exec-1","level":"INFO","level_value":20000,"traceId":"6bb59828886e45f99d31954c1e7b3419","service":"event-gateway","service":"event-gateway"}
{"@timestamp":"2026-06-20T19:58:07.055178+05:30","@version":"1","message":"Calling Account Service getBalance accountId=acct-e2e traceId=dc3e025b80644b5bafd7f43a776d1fc5","logger_name":"com.eventledger.gateway.client.AccountServiceClient","thread_name":"http-nio-auto-1-exec-2","level":"INFO","level_value":20000,"traceId":"dc3e025b80644b5bafd7f43a776d1fc5","service":"event-gateway","service":"event-gateway"}
]]></system-out>
  </testcase>
</testsuite>